<?xml version="1.0" encoding="UTF-8"?>
<!DOCTYPE coverage SYSTEM "http://cobertura.sourceforge.net/xml/coverage-04.dtd">
<coverage line-rate="0.54593176" branch-rate="0" lines-covered="832" lines-valid="1524" branches-covered="0" branches-valid="0" complexity="0" version="" timestamp="1753797773967">
	<packages>
		<package name="github.com/unownone/shipit-server/internal/api" line-rate="0.8979592" branch-rate="0" complexity="0" line-count="49" line-hits="44">
			<classes>
				<class name="-" filename="internal/api/routes.go" line-rate="0.8979592" branch-rate="0" complexity="0" line-count="49" line-hits="44">
					<methods>
						<method name="@114:23" signature="" line-rate="0" branch-rate="0" complexity="0" line-count="0" line-hits="0">
							<lines>
								<line number="116" hits="0"></line>
							</lines>
						</method>
						<method name="@120:25" signature="" line-rate="0" branch-rate="0" complexity="0" line-count="0" line-hits="0">
							<lines>
								<line number="122" hits="0"></line>
							</lines>
						</method>
						<method name="@126:23" signature="" line-rate="0" branch-rate="0" complexity="0" line-count="0" line-hits="0">
							<lines>
								<line number="128" hits="0"></line>
							</lines>
						</method>
						<method name="@34:24" signature="" line-rate="0.5" branch-rate="0" complexity="0" line-count="0" line-hits="0">
							<lines>
								<line number="35" hits="1"></line>
								<line number="36" hits="0"></line>
								<line number="40" hits="0"></line>
								<line number="43" hits="1"></line>
							</lines>
						</method>
						<method name="SetupRoutes" signature="" line-rate="1" branch-rate="0" complexity="0" line-count="0" line-hits="0">
							<lines>
								<line number="22" hits="19"></line>
								<line number="23" hits="19"></line>
								<line number="24" hits="19"></line>
								<line number="25" hits="19"></line>
								<line number="28" hits="19"></line>
								<line number="31" hits="19"></line>
								<line number="34" hits="19"></line>
								<line number="50" hits="19"></line>
								<line number="53" hits="19"></line>
								<line number="56" hits="19"></line>
								<line number="57" hits="19"></line>
								<line number="58" hits="19"></line>
								<line number="62" hits="19"></line>
								<line number="63" hits="19"></line>
								<line number="66" hits="19"></line>
								<line number="67" hits="19"></line>
								<line number="68" hits="19"></line>
								<line number="71" hits="19"></line>
								<line number="72" hits="19"></line>
								<line number="73" hits="19"></line>
								<line number="76" hits="19"></line>
								<line number="77" hits="19"></line>
								<line number="81" hits="19"></line>
								<line number="82" hits="19"></line>
								<line number="85" hits="19"></line>
								<line number="89" hits="19"></line>
								<line number="90" hits="19"></line>
								<line number="92" hits="19"></line>
								<line number="96" hits="19"></line>
								<line number="97" hits="19"></line>
								<line number="100" hits="19"></line>
								<line number="101" hits="19"></line>
								<line number="102" hits="19"></line>
								<line number="103" hits="19"></line>
								<line number="104" hits="19"></line>
								<line number="105" hits="19"></line>
								<line number="109" hits="19"></line>
								<line number="110" hits="19"></line>
								<line number="111" hits="19"></line>
								<line number="114" hits="19"></line>
								<line number="120" hits="19"></line>
								<line number="126" hits="19"></line>
							</lines>
						</method>
					</methods>
					<lines>
						<line number="22" hits="19"></line>
						<line number="23" hits="19"></line>
						<line number="24" hits="19"></line>
						<line number="25" hits="19"></line>
						<line number="28" hits="19"></line>
						<line number="31" hits="19"></line>
						<line number="34" hits="19"></line>
						<line number="35" hits="1"></line>
						<line number="36" hits="0"></line>
						<line number="40" hits="0"></line>
						<line number="43" hits="1"></line>
						<line number="50" hits="19"></line>
						<line number="53" hits="19"></line>
						<line number="56" hits="19"></line>
						<line number="57" hits="19"></line>
						<line number="58" hits="19"></line>
						<line number="62" hits="19"></line>
						<line number="63" hits="19"></line>
						<line number="66" hits="19"></line>
						<line number="67" hits="19"></line>
						<line number="68" hits="19"></line>
						<line number="71" hits="19"></line>
						<line number="72" hits="19"></line>
						<line number="73" hits="19"></line>
						<line number="76" hits="19"></line>
						<line number="77" hits="19"></line>
						<line number="81" hits="19"></line>
						<line number="82" hits="19"></line>
						<line number="85" hits="19"></line>
						<line number="89" hits="19"></line>
						<line number="90" hits="19"></line>
						<line number="92" hits="19"></line>
						<line number="96" hits="19"></line>
						<line number="97" hits="19"></line>
						<line number="100" hits="19"></line>
						<line number="101" hits="19"></line>
						<line number="102" hits="19"></line>
						<line number="103" hits="19"></line>
						<line number="104" hits="19"></line>
						<line number="105" hits="19"></line>
						<line number="109" hits="19"></line>
						<line number="110" hits="19"></line>
						<line number="111" hits="19"></line>
						<line number="114" hits="19"></line>
						<line number="116" hits="0"></line>
						<line number="120" hits="19"></line>
						<line number="122" hits="0"></line>
						<line number="126" hits="19"></line>
						<line number="128" hits="0"></line>
					</lines>
				</class>
			</classes>
		</package>
		<package name="github.com/unownone/shipit-server/internal/api/handlers" line-rate="0.73978496" branch-rate="0" complexity="0" line-count="465" line-hits="344">
			<classes>
				<class name="-" filename="internal/api/handlers/analytics.go" line-rate="0.9" branch-rate="0" complexity="0" line-count="10" line-hits="9">
					<methods>
						<method name="NewAnalyticsHandler" signature="" line-rate="1" branch-rate="0" complexity="0" line-count="0" line-hits="0">
							<lines>
								<line number="22" hits="19"></line>
							</lines>
						</method>
						<method name="formatBandwidth" signature="" line-rate="0.875" branch-rate="0" complexity="0" line-count="0" line-hits="0">
							<lines>
								<line number="323" hits="6"></line>
								<line number="324" hits="6"></line>
								<line number="325" hits="0"></line>
								<line number="327" hits="6"></line>
								<line number="328" hits="6"></line>
								<line number="329" hits="10"></line>
								<line number="330" hits="10"></line>
								<line number="332" hits="6"></line>
							</lines>
						</method>
						<method name="isValidPeriod" signature="" line-rate="1" branch-rate="0" complexity="0" line-count="0" line-hits="0">
							<lines>
								<line number="318" hits="10"></line>
							</lines>
						</method>
					</methods>
					<lines>
						<line number="22" hits="19"></line>
						<line number="318" hits="10"></line>
						<line number="323" hits="6"></line>
						<line number="324" hits="6"></line>
						<line number="325" hits="0"></line>
						<line number="327" hits="6"></line>
						<line number="328" hits="6"></line>
						<line number="329" hits="10"></line>
						<line number="330" hits="10"></line>
						<line number="332" hits="6"></line>
					</lines>
				</class>
				<class name="AnalyticsHandler" filename="internal/api/handlers/analytics.go" line-rate="0.7222222" branch-rate="0" complexity="0" line-count="72" line-hits="52">
					<methods>
						<method name="GetOverview" signature="" line-rate="0.6551724" branch-rate="0" complexity="0" line-count="0" line-hits="0">
							<lines>
								<line number="100" hits="4"></line>
								<line number="101" hits="4"></line>
								<line number="103" hits="4"></line>
								<line number="104" hits="4"></line>
								<line number="105" hits="0"></line>
								<line number="106" hits="0"></line>
								<line number="109" hits="0"></line>
								<line number="113" hits="4"></line>
								<line number="114" hits="4"></line>
								<line number="115" hits="0"></line>
								<line number="120" hits="0"></line>
								<line number="123" hits="0"></line>
								<line number="126" hits="4"></line>
								<line number="129" hits="4"></line>
								<line number="130" hits="4"></line>
								<line number="133" hits="4"></line>
								<line number="134" hits="4"></line>
								<line number="135" hits="0"></line>
								<line number="136" hits="0"></line>
								<line number="140" hits="4"></line>
								<line number="141" hits="4"></line>
								<line number="142" hits="0"></line>
								<line number="143" hits="0"></line>
								<line number="148" hits="4"></line>
								<line number="152" hits="4"></line>
								<line number="153" hits="4"></line>
								<line number="155" hits="4"></line>
								<line number="165" hits="4"></line>
								<line number="172" hits="4"></line>
							</lines>
						</method>
						<method name="GetTrafficAnalytics" signature="" line-rate="0.6" branch-rate="0" complexity="0" line-count="0" line-hits="0">
							<lines>
								<line number="264" hits="3"></line>
								<line number="265" hits="3"></line>
								<line number="266" hits="0"></line>
								<line number="269" hits="0"></line>
								<line number="273" hits="3"></line>
								<line number="274" hits="3"></line>
								<line number="275" hits="0"></line>
								<line number="278" hits="0"></line>
								<line number="283" hits="3"></line>
								<line number="311" hits="3"></line>
							</lines>
						</method>
						<method name="GetTunnelStats" signature="" line-rate="0.8181818" branch-rate="0" complexity="0" line-count="0" line-hits="0">
							<lines>
								<line number="178" hits="4"></line>
								<line number="179" hits="4"></line>
								<line number="180" hits="0"></line>
								<line number="183" hits="0"></line>
								<line number="186" hits="4"></line>
								<line number="187" hits="4"></line>
								<line number="188" hits="4"></line>
								<line number="189" hits="1"></line>
								<line number="192" hits="1"></line>
								<line number="196" hits="3"></line>
								<line number="197" hits="3"></line>
								<line number="198" hits="0"></line>
								<line number="201" hits="0"></line>
								<line number="204" hits="3"></line>
								<line number="206" hits="3"></line>
								<line number="209" hits="3"></line>
								<line number="210" hits="3"></line>
								<line number="213" hits="3"></line>
								<line number="214" hits="3"></line>
								<line number="215" hits="0"></line>
								<line number="218" hits="0"></line>
								<line number="221" hits="3"></line>
								<line number="222" hits="1"></line>
								<line number="225" hits="1"></line>
								<line number="230" hits="2"></line>
								<line number="233" hits="2"></line>
								<line number="234" hits="2"></line>
								<line number="237" hits="2"></line>
								<line number="238" hits="2"></line>
								<line number="239" hits="2"></line>
								<line number="242" hits="2"></line>
								<line number="251" hits="2"></line>
								<line number="258" hits="2"></line>
							</lines>
						</method>
					</methods>
					<lines>
						<line number="100" hits="4"></line>
						<line number="101" hits="4"></line>
						<line number="103" hits="4"></line>
						<line number="104" hits="4"></line>
						<line number="105" hits="0"></line>
						<line number="106" hits="0"></line>
						<line number="109" hits="0"></line>
						<line number="113" hits="4"></line>
						<line number="114" hits="4"></line>
						<line number="115" hits="0"></line>
						<line number="120" hits="0"></line>
						<line number="123" hits="0"></line>
						<line number="126" hits="4"></line>
						<line number="129" hits="4"></line>
						<line number="130" hits="4"></line>
						<line number="133" hits="4"></line>
						<line number="134" hits="4"></line>
						<line number="135" hits="0"></line>
						<line number="136" hits="0"></line>
						<line number="140" hits="4"></line>
						<line number="141" hits="4"></line>
						<line number="142" hits="0"></line>
						<line number="143" hits="0"></line>
						<line number="148" hits="4"></line>
						<line number="152" hits="4"></line>
						<line number="153" hits="4"></line>
						<line number="155" hits="4"></line>
						<line number="165" hits="4"></line>
						<line number="172" hits="4"></line>
						<line number="178" hits="4"></line>
						<line number="179" hits="4"></line>
						<line number="180" hits="0"></line>
						<line number="183" hits="0"></line>
						<line number="186" hits="4"></line>
						<line number="187" hits="4"></line>
						<line number="188" hits="4"></line>
						<line number="189" hits="1"></line>
						<line number="192" hits="1"></line>
						<line number="196" hits="3"></line>
						<line number="197" hits="3"></line>
						<line number="198" hits="0"></line>
						<line number="201" hits="0"></line>
						<line number="204" hits="3"></line>
						<line number="206" hits="3"></line>
						<line number="209" hits="3"></line>
						<line number="210" hits="3"></line>
						<line number="213" hits="3"></line>
						<line number="214" hits="3"></line>
						<line number="215" hits="0"></line>
						<line number="218" hits="0"></line>
						<line number="221" hits="3"></line>
						<line number="222" hits="1"></line>
						<line number="225" hits="1"></line>
						<line number="230" hits="2"></line>
						<line number="233" hits="2"></line>
						<line number="234" hits="2"></line>
						<line number="237" hits="2"></line>
						<line number="238" hits="2"></line>
						<line number="239" hits="2"></line>
						<line number="242" hits="2"></line>
						<line number="251" hits="2"></line>
						<line number="258" hits="2"></line>
						<line number="264" hits="3"></line>
						<line number="265" hits="3"></line>
						<line number="266" hits="0"></line>
						<line number="269" hits="0"></line>
						<line number="273" hits="3"></line>
						<line number="274" hits="3"></line>
						<line number="275" hits="0"></line>
						<line number="278" hits="0"></line>
						<line number="283" hits="3"></line>
						<line number="311" hits="3"></line>
					</lines>
				</class>
				<class name="-" filename="internal/api/handlers/auth.go" line-rate="1" branch-rate="0" complexity="0" line-count="1" line-hits="1">
					<methods>
						<method name="NewAuthHandler" signature="" line-rate="1" branch-rate="0" complexity="0" line-count="0" line-hits="0">
							<lines>
								<line number="19" hits="19"></line>
							</lines>
						</method>
					</methods>
					<lines>
						<line number="19" hits="19"></line>
					</lines>
				</class>
				<class name="AuthHandler" filename="internal/api/handlers/auth.go" line-rate="0.5151515" branch-rate="0" complexity="0" line-count="33" line-hits="17">
					<methods>
						<method name="GetTokenInfo" signature="" line-rate="0" branch-rate="0" complexity="0" line-count="0" line-hits="0">
							<lines>
								<line number="107" hits="0"></line>
								<line number="108" hits="0"></line>
								<line number="109" hits="0"></line>
								<line number="112" hits="0"></line>
								<line number="115" hits="0"></line>
								<line number="116" hits="0"></line>
								<line number="119" hits="0"></line>
								<line number="120" hits="0"></line>
								<line number="135" hits="0"></line>
								<line number="139" hits="0"></line>
								<line number="140" hits="0"></line>
								<line number="148" hits="0"></line>
								<line number="151" hits="0"></line>
							</lines>
						</method>
						<method name="ValidateToken" signature="" line-rate="0.85" branch-rate="0" complexity="0" line-count="0" line-hits="0">
							<lines>
								<line number="50" hits="4"></line>
								<line number="51" hits="4"></line>
								<line number="53" hits="4"></line>
								<line number="54" hits="0"></line>
								<line number="57" hits="4"></line>
								<line number="58" hits="4"></line>
								<line number="59" hits="1"></line>
								<line number="63" hits="1"></line>
								<line number="65" hits="3"></line>
								<line number="68" hits="3"></line>
								<line number="69" hits="0"></line>
								<line number="73" hits="0"></line>
								<line number="76" hits="3"></line>
								<line number="79" hits="3"></line>
								<line number="80" hits="1"></line>
								<line number="85" hits="1"></line>
								<line number="89" hits="2"></line>
								<line number="90" hits="1"></line>
								<line number="95" hits="1"></line>
								<line number="99" hits="1"></line>
							</lines>
						</method>
					</methods>
					<lines>
						<line number="50" hits="4"></line>
						<line number="51" hits="4"></line>
						<line number="53" hits="4"></line>
						<line number="54" hits="0"></line>
						<line number="57" hits="4"></line>
						<line number="58" hits="4"></line>
						<line number="59" hits="1"></line>
						<line number="63" hits="1"></line>
						<line number="65" hits="3"></line>
						<line number="68" hits="3"></line>
						<line number="69" hits="0"></line>
						<line number="73" hits="0"></line>
						<line number="76" hits="3"></line>
						<line number="79" hits="3"></line>
						<line number="80" hits="1"></line>
						<line number="85" hits="1"></line>
						<line number="89" hits="2"></line>
						<line number="90" hits="1"></line>
						<line number="95" hits="1"></line>
						<line number="99" hits="1"></line>
						<line number="107" hits="0"></line>
						<line number="108" hits="0"></line>
						<line number="109" hits="0"></line>
						<line number="112" hits="0"></line>
						<line number="115" hits="0"></line>
						<line number="116" hits="0"></line>
						<line number="119" hits="0"></line>
						<line number="120" hits="0"></line>
						<line number="135" hits="0"></line>
						<line number="139" hits="0"></line>
						<line number="140" hits="0"></line>
						<line number="148" hits="0"></line>
						<line number="151" hits="0"></line>
					</lines>
				</class>
				<class name="-" filename="internal/api/handlers/tunnels.go" line-rate="0.6666667" branch-rate="0" complexity="0" line-count="9" line-hits="6">
					<methods>
						<method name="NewTunnelHandler" signature="" line-rate="1" branch-rate="0" complexity="0" line-count="0" line-hits="0">
							<lines>
								<line number="48" hits="19"></line>
							</lines>
						</method>
						<method name="isValidSubdomain" signature="" line-rate="0.625" branch-rate="0" complexity="0" line-count="0" line-hits="0">
							<lines>
								<line number="544" hits="2"></line>
								<line number="545" hits="0"></line>
								<line number="549" hits="2"></line>
								<line number="550" hits="12"></line>
								<line number="551" hits="0"></line>
								<line number="556" hits="2"></line>
								<line number="557" hits="0"></line>
								<line number="560" hits="2"></line>
							</lines>
						</method>
					</methods>
					<lines>
						<line number="48" hits="19"></line>
						<line number="544" hits="2"></line>
						<line number="545" hits="0"></line>
						<line number="549" hits="2"></line>
						<line number="550" hits="12"></line>
						<line number="551" hits="0"></line>
						<line number="556" hits="2"></line>
						<line number="557" hits="0"></line>
						<line number="560" hits="2"></line>
					</lines>
				</class>
				<class name="TunnelHandler" filename="internal/api/handlers/tunnels.go" line-rate="0.7819149" branch-rate="0" complexity="0" line-count="188" line-hits="147">
					<methods>
						<method name="CreateTunnel" signature="" line-rate="0.7368421" branch-rate="0" complexity="0" line-count="0" line-hits="0">
							<lines>
								<line number="111" hits="15"></line>
								<line number="112" hits="15"></line>
								<line number="113" hits="0"></line>
								<line number="116" hits="0"></line>
								<line number="119" hits="15"></line>
								<line number="120" hits="15"></line>
								<line number="121" hits="2"></line>
								<line number="125" hits="2"></line>
								<line number="128" hits="13"></line>
								<line number="131" hits="13"></line>
								<line number="132" hits="1"></line>
								<line number="135" hits="1"></line>
								<line number="139" hits="12"></line>
								<line number="140" hits="1"></line>
								<line number="143" hits="1"></line>
								<line number="146" hits="11"></line>
								<line number="147" hits="11"></line>
								<line number="148" hits="0"></line>
								<line number="151" hits="0"></line>
								<line number="154" hits="11"></line>
								<line number="155" hits="0"></line>
								<line number="158" hits="0"></line>
								<line number="162" hits="11"></line>
								<line number="163" hits="11"></line>
								<line number="164" hits="11"></line>
								<line number="166" hits="11"></line>
								<line number="170" hits="8"></line>
								<line number="171" hits="8"></line>
								<line number="173" hits="2"></line>
								<line number="174" hits="0"></line>
								<line number="177" hits="0"></line>
								<line number="181" hits="2"></line>
								<line number="182" hits="0"></line>
								<line number="185" hits="0"></line>
								<line number="188" hits="2"></line>
								<line number="191" hits="6"></line>
								<line number="193" hits="8"></line>
								<line number="194" hits="8"></line>
								<line number="200" hits="3"></line>
								<line number="201" hits="3"></line>
								<line number="202" hits="0"></line>
								<line number="205" hits="0"></line>
								<line number="207" hits="3"></line>
								<line number="208" hits="3"></line>
								<line number="213" hits="11"></line>
								<line number="214" hits="11"></line>
								<line number="215" hits="11"></line>
								<line number="218" hits="11"></line>
								<line number="221" hits="11"></line>
								<line number="232" hits="11"></line>
								<line number="233" hits="0"></line>
								<line number="242" hits="0"></line>
								<line number="245" hits="0"></line>
								<line number="250" hits="11"></line>
								<line number="259" hits="11"></line>
								<line number="260" hits="3"></line>
								<line number="263" hits="11"></line>
							</lines>
						</method>
						<method name="DeleteTunnel" signature="" line-rate="0.76" branch-rate="0" complexity="0" line-count="0" line-hits="0">
							<lines>
								<line number="382" hits="3"></line>
								<line number="383" hits="3"></line>
								<line number="384" hits="0"></line>
								<line number="387" hits="0"></line>
								<line number="390" hits="3"></line>
								<line number="391" hits="3"></line>
								<line number="392" hits="3"></line>
								<line number="393" hits="1"></line>
								<line number="396" hits="1"></line>
								<line number="399" hits="2"></line>
								<line number="402" hits="2"></line>
								<line number="403" hits="2"></line>
								<line number="404" hits="2"></line>
								<line number="407" hits="2"></line>
								<line number="408" hits="2"></line>
								<line number="409" hits="0"></line>
								<line number="412" hits="0"></line>
								<line number="415" hits="2"></line>
								<line number="416" hits="1"></line>
								<line number="419" hits="1"></line>
								<line number="423" hits="1"></line>
								<line number="427" hits="1"></line>
								<line number="428" hits="0"></line>
								<line number="431" hits="0"></line>
								<line number="437" hits="1"></line>
							</lines>
						</method>
						<method name="GetTunnel" signature="" line-rate="0.8095238" branch-rate="0" complexity="0" line-count="0" line-hits="0">
							<lines>
								<line number="335" hits="3"></line>
								<line number="336" hits="3"></line>
								<line number="337" hits="0"></line>
								<line number="340" hits="0"></line>
								<line number="343" hits="3"></line>
								<line number="345" hits="3"></line>
								<line number="346" hits="3"></line>
								<line number="347" hits="1"></line>
								<line number="350" hits="1"></line>
								<line number="353" hits="2"></line>
								<line number="356" hits="2"></line>
								<line number="357" hits="2"></line>
								<line number="360" hits="2"></line>
								<line number="361" hits="2"></line>
								<line number="362" hits="0"></line>
								<line number="365" hits="0"></line>
								<line number="369" hits="2"></line>
								<line number="370" hits="1"></line>
								<line number="373" hits="1"></line>
								<line number="376" hits="1"></line>
								<line number="377" hits="1"></line>
							</lines>
						</method>
						<method name="GetTunnelStats" signature="" line-rate="0.8148148" branch-rate="0" complexity="0" line-count="0" line-hits="0">
							<lines>
								<line number="446" hits="3"></line>
								<line number="447" hits="3"></line>
								<line number="448" hits="0"></line>
								<line number="451" hits="0"></line>
								<line number="454" hits="3"></line>
								<line number="455" hits="3"></line>
								<line number="456" hits="3"></line>
								<line number="457" hits="1"></line>
								<line number="460" hits="1"></line>
								<line number="464" hits="2"></line>
								<line number="465" hits="2"></line>
								<line number="467" hits="2"></line>
								<line number="470" hits="2"></line>
								<line number="471" hits="2"></line>
								<line number="474" hits="2"></line>
								<line number="475" hits="2"></line>
								<line number="476" hits="0"></line>
								<line number="479" hits="0"></line>
								<line number="482" hits="2"></line>
								<line number="483" hits="1"></line>
								<line number="486" hits="1"></line>
								<line number="493" hits="1"></line>
								<line number="494" hits="1"></line>
								<line number="495" hits="0"></line>
								<line number="499" hits="1"></line>
								<line number="501" hits="1"></line>
								<line number="510" hits="1"></line>
							</lines>
						</method>
						<method name="ListTunnels" signature="" line-rate="0.7" branch-rate="0" complexity="0" line-count="0" line-hits="0">
							<lines>
								<line number="268" hits="2"></line>
								<line number="269" hits="2"></line>
								<line number="270" hits="0"></line>
								<line number="273" hits="0"></line>
								<line number="276" hits="2"></line>
								<line number="279" hits="2"></line>
								<line number="280" hits="2"></line>
								<line number="281" hits="2"></line>
								<line number="283" hits="2"></line>
								<line number="284" hits="2"></line>
								<line number="285" hits="0"></line>
								<line number="288" hits="2"></line>
								<line number="289" hits="2"></line>
								<line number="290" hits="0"></line>
								<line number="294" hits="2"></line>
								<line number="295" hits="2"></line>
								<line number="298" hits="2"></line>
								<line number="303" hits="2"></line>
								<line number="304" hits="0"></line>
								<line number="307" hits="0"></line>
								<line number="311" hits="2"></line>
								<line number="312" hits="2"></line>
								<line number="313" hits="0"></line>
								<line number="314" hits="0"></line>
								<line number="315" hits="0"></line>
								<line number="319" hits="2"></line>
								<line number="323" hits="2"></line>
								<line number="324" hits="2"></line>
								<line number="325" hits="3"></line>
								<line number="328" hits="2"></line>
							</lines>
						</method>
						<method name="findAvailablePort" signature="" line-rate="0.8333333" branch-rate="0" complexity="0" line-count="0" line-hits="0">
							<lines>
								<line number="598" hits="3"></line>
								<line number="599" hits="3"></line>
								<line number="602" hits="3"></line>
								<line number="603" hits="3"></line>
								<line number="604" hits="3"></line>
								<line number="608" hits="0"></line>
							</lines>
						</method>
						<method name="formatTunnelListResponse" signature="" line-rate="1" branch-rate="0" complexity="0" line-count="0" line-hits="0">
							<lines>
								<line number="517" hits="4"></line>
								<line number="527" hits="4"></line>
								<line number="528" hits="3"></line>
								<line number="529" hits="3"></line>
								<line number="530" hits="3"></line>
								<line number="534" hits="4"></line>
								<line number="535" hits="1"></line>
								<line number="536" hits="1"></line>
								<line number="539" hits="4"></line>
							</lines>
						</method>
						<method name="generateRandomSubdomain" signature="" line-rate="0.90909094" branch-rate="0" complexity="0" line-count="0" line-hits="0">
							<lines>
								<line number="572" hits="6"></line>
								<line number="573" hits="6"></line>
								<line number="575" hits="6"></line>
								<line number="576" hits="6"></line>
								<line number="578" hits="6"></line>
								<line number="579" hits="6"></line>
								<line number="580" hits="60"></line>
								<line number="582" hits="6"></line>
								<line number="585" hits="6"></line>
								<line number="586" hits="6"></line>
								<line number="591" hits="0"></line>
							</lines>
						</method>
						<method name="isSubdomainAvailable" signature="" line-rate="1" branch-rate="0" complexity="0" line-count="0" line-hits="0">
							<lines>
								<line number="566" hits="8"></line>
								<line number="567" hits="8"></line>
							</lines>
						</method>
					</methods>
					<lines>
						<line number="111" hits="15"></line>
						<line number="112" hits="15"></line>
						<line number="113" hits="0"></line>
						<line number="116" hits="0"></line>
						<line number="119" hits="15"></line>
						<line number="120" hits="15"></line>
						<line number="121" hits="2"></line>
						<line number="125" hits="2"></line>
						<line number="128" hits="13"></line>
						<line number="131" hits="13"></line>
						<line number="132" hits="1"></line>
						<line number="135" hits="1"></line>
						<line number="139" hits="12"></line>
						<line number="140" hits="1"></line>
						<line number="143" hits="1"></line>
						<line number="146" hits="11"></line>
						<line number="147" hits="11"></line>
						<line number="148" hits="0"></line>
						<line number="151" hits="0"></line>
						<line number="154" hits="11"></line>
						<line number="155" hits="0"></line>
						<line number="158" hits="0"></line>
						<line number="162" hits="11"></line>
						<line number="163" hits="11"></line>
						<line number="164" hits="11"></line>
						<line number="166" hits="11"></line>
						<line number="170" hits="8"></line>
						<line number="171" hits="8"></line>
						<line number="173" hits="2"></line>
						<line number="174" hits="0"></line>
						<line number="177" hits="0"></line>
						<line number="181" hits="2"></line>
						<line number="182" hits="0"></line>
						<line number="185" hits="0"></line>
						<line number="188" hits="2"></line>
						<line number="191" hits="6"></line>
						<line number="193" hits="8"></line>
						<line number="194" hits="8"></line>
						<line number="200" hits="3"></line>
						<line number="201" hits="3"></line>
						<line number="202" hits="0"></line>
						<line number="205" hits="0"></line>
						<line number="207" hits="3"></line>
						<line number="208" hits="3"></line>
						<line number="213" hits="11"></line>
						<line number="214" hits="11"></line>
						<line number="215" hits="11"></line>
						<line number="218" hits="11"></line>
						<line number="221" hits="11"></line>
						<line number="232" hits="11"></line>
						<line number="233" hits="0"></line>
						<line number="242" hits="0"></line>
						<line number="245" hits="0"></line>
						<line number="250" hits="11"></line>
						<line number="259" hits="11"></line>
						<line number="260" hits="3"></line>
						<line number="263" hits="11"></line>
						<line number="268" hits="2"></line>
						<line number="269" hits="2"></line>
						<line number="270" hits="0"></line>
						<line number="273" hits="0"></line>
						<line number="276" hits="2"></line>
						<line number="279" hits="2"></line>
						<line number="280" hits="2"></line>
						<line number="281" hits="2"></line>
						<line number="283" hits="2"></line>
						<line number="284" hits="2"></line>
						<line number="285" hits="0"></line>
						<line number="288" hits="2"></line>
						<line number="289" hits="2"></line>
						<line number="290" hits="0"></line>
						<line number="294" hits="2"></line>
						<line number="295" hits="2"></line>
						<line number="298" hits="2"></line>
						<line number="303" hits="2"></line>
						<line number="304" hits="0"></line>
						<line number="307" hits="0"></line>
						<line number="311" hits="2"></line>
						<line number="312" hits="2"></line>
						<line number="313" hits="0"></line>
						<line number="314" hits="0"></line>
						<line number="315" hits="0"></line>
						<line number="319" hits="2"></line>
						<line number="323" hits="2"></line>
						<line number="324" hits="2"></line>
						<line number="325" hits="3"></line>
						<line number="328" hits="2"></line>
						<line number="335" hits="3"></line>
						<line number="336" hits="3"></line>
						<line number="337" hits="0"></line>
						<line number="340" hits="0"></line>
						<line number="343" hits="3"></line>
						<line number="345" hits="3"></line>
						<line number="346" hits="3"></line>
						<line number="347" hits="1"></line>
						<line number="350" hits="1"></line>
						<line number="353" hits="2"></line>
						<line number="356" hits="2"></line>
						<line number="357" hits="2"></line>
						<line number="360" hits="2"></line>
						<line number="361" hits="2"></line>
						<line number="362" hits="0"></line>
						<line number="365" hits="0"></line>
						<line number="369" hits="2"></line>
						<line number="370" hits="1"></line>
						<line number="373" hits="1"></line>
						<line number="376" hits="1"></line>
						<line number="377" hits="1"></line>
						<line number="382" hits="3"></line>
						<line number="383" hits="3"></line>
						<line number="384" hits="0"></line>
						<line number="387" hits="0"></line>
						<line number="390" hits="3"></line>
						<line number="391" hits="3"></line>
						<line number="392" hits="3"></line>
						<line number="393" hits="1"></line>
						<line number="396" hits="1"></line>
						<line number="399" hits="2"></line>
						<line number="402" hits="2"></line>
						<line number="403" hits="2"></line>
						<line number="404" hits="2"></line>
						<line number="407" hits="2"></line>
						<line number="408" hits="2"></line>
						<line number="409" hits="0"></line>
						<line number="412" hits="0"></line>
						<line number="415" hits="2"></line>
						<line number="416" hits="1"></line>
						<line number="419" hits="1"></line>
						<line number="423" hits="1"></line>
						<line number="427" hits="1"></line>
						<line number="428" hits="0"></line>
						<line number="431" hits="0"></line>
						<line number="437" hits="1"></line>
						<line number="446" hits="3"></line>
						<line number="447" hits="3"></line>
						<line number="448" hits="0"></line>
						<line number="451" hits="0"></line>
						<line number="454" hits="3"></line>
						<line number="455" hits="3"></line>
						<line number="456" hits="3"></line>
						<line number="457" hits="1"></line>
						<line number="460" hits="1"></line>
						<line number="464" hits="2"></line>
						<line number="465" hits="2"></line>
						<line number="467" hits="2"></line>
						<line number="470" hits="2"></line>
						<line number="471" hits="2"></line>
						<line number="474" hits="2"></line>
						<line number="475" hits="2"></line>
						<line number="476" hits="0"></line>
						<line number="479" hits="0"></line>
						<line number="482" hits="2"></line>
						<line number="483" hits="1"></line>
						<line number="486" hits="1"></line>
						<line number="493" hits="1"></line>
						<line number="494" hits="1"></line>
						<line number="495" hits="0"></line>
						<line number="499" hits="1"></line>
						<line number="501" hits="1"></line>
						<line number="510" hits="1"></line>
						<line number="517" hits="4"></line>
						<line number="527" hits="4"></line>
						<line number="528" hits="3"></line>
						<line number="529" hits="3"></line>
						<line number="530" hits="3"></line>
						<line number="534" hits="4"></line>
						<line number="535" hits="1"></line>
						<line number="536" hits="1"></line>
						<line number="539" hits="4"></line>
						<line number="566" hits="8"></line>
						<line number="567" hits="8"></line>
						<line number="572" hits="6"></line>
						<line number="573" hits="6"></line>
						<line number="575" hits="6"></line>
						<line number="576" hits="6"></line>
						<line number="578" hits="6"></line>
						<line number="579" hits="6"></line>
						<line number="580" hits="60"></line>
						<line number="582" hits="6"></line>
						<line number="585" hits="6"></line>
						<line number="586" hits="6"></line>
						<line number="591" hits="0"></line>
						<line number="598" hits="3"></line>
						<line number="599" hits="3"></line>
						<line number="602" hits="3"></line>
						<line number="603" hits="3"></line>
						<line number="604" hits="3"></line>
						<line number="608" hits="0"></line>
					</lines>
				</class>
				<class name="TunnelProtocol" filename="internal/api/handlers/tunnels.go" line-rate="1" branch-rate="0" complexity="0" line-count="1" line-hits="1">
					<methods>
						<method name="IsValid" signature="" line-rate="1" branch-rate="0" complexity="0" line-count="0" line-hits="0">
							<lines>
								<line number="106" hits="13"></line>
							</lines>
						</method>
					</methods>
					<lines>
						<line number="106" hits="13"></line>
					</lines>
				</class>
				<class name="-" filename="internal/api/handlers/users.go" line-rate="1" branch-rate="0" complexity="0" line-count="1" line-hits="1">
					<methods>
						<method name="NewUserHandler" signature="" line-rate="1" branch-rate="0" complexity="0" line-count="0" line-hits="0">
							<lines>
								<line number="34" hits="19"></line>
							</lines>
						</method>
					</methods>
					<lines>
						<line number="34" hits="19"></line>
					</lines>
				</class>
				<class name="UserHandler" filename="internal/api/handlers/users.go" line-rate="0.73333335" branch-rate="0" complexity="0" line-count="150" line-hits="110">
					<methods>
						<method name="CreateAPIKey" signature="" line-rate="0.71428573" branch-rate="0" complexity="0" line-count="0" line-hits="0">
							<lines>
								<line number="390" hits="4"></line>
								<line number="391" hits="4"></line>
								<line number="392" hits="0"></line>
								<line number="395" hits="0"></line>
								<line number="398" hits="4"></line>
								<line number="399" hits="4"></line>
								<line number="400" hits="1"></line>
								<line number="404" hits="1"></line>
								<line number="407" hits="3"></line>
								<line number="410" hits="3"></line>
								<line number="411" hits="3"></line>
								<line number="412" hits="0"></line>
								<line number="415" hits="0"></line>
								<line number="418" hits="3"></line>
							</lines>
						</method>
						<method name="GetProfile" signature="" line-rate="0.6" branch-rate="0" complexity="0" line-count="0" line-hits="0">
							<lines>
								<line number="224" hits="1"></line>
								<line number="225" hits="1"></line>
								<line number="226" hits="0"></line>
								<line number="229" hits="0"></line>
								<line number="232" hits="1"></line>
							</lines>
						</method>
						<method name="ListAPIKeys" signature="" line-rate="0.6923077" branch-rate="0" complexity="0" line-count="0" line-hits="0">
							<lines>
								<line number="433" hits="1"></line>
								<line number="434" hits="1"></line>
								<line number="435" hits="0"></line>
								<line number="438" hits="0"></line>
								<line number="441" hits="1"></line>
								<line number="444" hits="1"></line>
								<line number="445" hits="1"></line>
								<line number="446" hits="0"></line>
								<line number="449" hits="0"></line>
								<line number="453" hits="1"></line>
								<line number="454" hits="1"></line>
								<line number="455" hits="1"></line>
								<line number="465" hits="1"></line>
							</lines>
						</method>
						<method name="Login" signature="" line-rate="0.8095238" branch-rate="0" complexity="0" line-count="0" line-hits="0">
							<lines>
								<line number="161" hits="5"></line>
								<line number="162" hits="5"></line>
								<line number="163" hits="2"></line>
								<line number="167" hits="2"></line>
								<line number="170" hits="3"></line>
								<line number="173" hits="3"></line>
								<line number="174" hits="3"></line>
								<line number="175" hits="1"></line>
								<line number="178" hits="1"></line>
								<line number="182" hits="2"></line>
								<line number="183" hits="0"></line>
								<line number="186" hits="0"></line>
								<line number="190" hits="2"></line>
								<line number="191" hits="1"></line>
								<line number="194" hits="1"></line>
								<line number="198" hits="1"></line>
								<line number="199" hits="1"></line>
								<line number="200" hits="0"></line>
								<line number="203" hits="0"></line>
								<line number="207" hits="1"></line>
								<line number="209" hits="1"></line>
							</lines>
						</method>
						<method name="Logout" signature="" line-rate="0.6" branch-rate="0" complexity="0" line-count="0" line-hits="0">
							<lines>
								<line number="364" hits="1"></line>
								<line number="365" hits="1"></line>
								<line number="366" hits="0"></line>
								<line number="369" hits="0"></line>
								<line number="372" hits="1"></line>
								<line number="375" hits="1"></line>
								<line number="376" hits="1"></line>
								<line number="377" hits="0"></line>
								<line number="380" hits="0"></line>
								<line number="383" hits="1"></line>
							</lines>
						</method>
						<method name="RefreshToken" signature="" line-rate="1" branch-rate="0" complexity="0" line-count="0" line-hits="0">
							<lines>
								<line number="336" hits="3"></line>
								<line number="337" hits="3"></line>
								<line number="338" hits="1"></line>
								<line number="342" hits="1"></line>
								<line number="345" hits="2"></line>
								<line number="348" hits="2"></line>
								<line number="349" hits="2"></line>
								<line number="350" hits="1"></line>
								<line number="353" hits="1"></line>
								<line number="356" hits="1"></line>
							</lines>
						</method>
						<method name="Register" signature="" line-rate="0.68" branch-rate="0" complexity="0" line-count="0" line-hits="0">
							<lines>
								<line number="85" hits="5"></line>
								<line number="86" hits="5"></line>
								<line number="87" hits="3"></line>
								<line number="91" hits="3"></line>
								<line number="94" hits="2"></line>
								<line number="97" hits="2"></line>
								<line number="98" hits="0"></line>
								<line number="101" hits="0"></line>
								<line number="105" hits="2"></line>
								<line number="106" hits="2"></line>
								<line number="107" hits="1"></line>
								<line number="110" hits="1"></line>
								<line number="114" hits="1"></line>
								<line number="115" hits="1"></line>
								<line number="116" hits="0"></line>
								<line number="119" hits="0"></line>
								<line number="123" hits="1"></line>
								<line number="129" hits="1"></line>
								<line number="130" hits="0"></line>
								<line number="133" hits="0"></line>
								<line number="137" hits="1"></line>
								<line number="138" hits="1"></line>
								<line number="139" hits="0"></line>
								<line number="142" hits="0"></line>
								<line number="145" hits="1"></line>
							</lines>
						</method>
						<method name="RevokeAPIKey" signature="" line-rate="0.68421054" branch-rate="0" complexity="0" line-count="0" line-hits="0">
							<lines>
								<line number="472" hits="2"></line>
								<line number="473" hits="2"></line>
								<line number="474" hits="0"></line>
								<line number="477" hits="0"></line>
								<line number="480" hits="2"></line>
								<line number="481" hits="2"></line>
								<line number="482" hits="2"></line>
								<line number="483" hits="0"></line>
								<line number="486" hits="0"></line>
								<line number="489" hits="2"></line>
								<line number="492" hits="2"></line>
								<line number="493" hits="2"></line>
								<line number="494" hits="1"></line>
								<line number="497" hits="1"></line>
								<line number="501" hits="1"></line>
								<line number="502" hits="1"></line>
								<line number="503" hits="0"></line>
								<line number="506" hits="0"></line>
								<line number="509" hits="1"></line>
							</lines>
						</method>
						<method name="UpdateProfile" signature="" line-rate="0.75757575" branch-rate="0" complexity="0" line-count="0" line-hits="0">
							<lines>
								<line number="247" hits="5"></line>
								<line number="248" hits="5"></line>
								<line number="249" hits="0"></line>
								<line number="252" hits="0"></line>
								<line number="255" hits="5"></line>
								<line number="256" hits="5"></line>
								<line number="257" hits="0"></line>
								<line number="261" hits="0"></line>
								<line number="264" hits="5"></line>
								<line number="267" hits="5"></line>
								<line number="268" hits="5"></line>
								<line number="271" hits="5"></line>
								<line number="272" hits="5"></line>
								<line number="273" hits="0"></line>
								<line number="276" hits="0"></line>
								<line number="280" hits="5"></line>
								<line number="288" hits="5"></line>
								<line number="289" hits="2"></line>
								<line number="292" hits="5"></line>
								<line number="294" hits="4"></line>
								<line number="295" hits="1"></line>
								<line number="298" hits="1"></line>
								<line number="302" hits="3"></line>
								<line number="303" hits="3"></line>
								<line number="304" hits="3"></line>
								<line number="305" hits="1"></line>
								<line number="308" hits="1"></line>
								<line number="311" hits="2"></line>
								<line number="315" hits="3"></line>
								<line number="316" hits="3"></line>
								<line number="317" hits="0"></line>
								<line number="320" hits="0"></line>
								<line number="323" hits="3"></line>
							</lines>
						</method>
					</methods>
					<lines>
						<line number="85" hits="5"></line>
						<line number="86" hits="5"></line>
						<line number="87" hits="3"></line>
						<line number="91" hits="3"></line>
						<line number="94" hits="2"></line>
						<line number="97" hits="2"></line>
						<line number="98" hits="0"></line>
						<line number="101" hits="0"></line>
						<line number="105" hits="2"></line>
						<line number="106" hits="2"></line>
						<line number="107" hits="1"></line>
						<line number="110" hits="1"></line>
						<line number="114" hits="1"></line>
						<line number="115" hits="1"></line>
						<line number="116" hits="0"></line>
						<line number="119" hits="0"></line>
						<line number="123" hits="1"></line>
						<line number="129" hits="1"></line>
						<line number="130" hits="0"></line>
						<line number="133" hits="0"></line>
						<line number="137" hits="1"></line>
						<line number="138" hits="1"></line>
						<line number="139" hits="0"></line>
						<line number="142" hits="0"></line>
						<line number="145" hits="1"></line>
						<line number="161" hits="5"></line>
						<line number="162" hits="5"></line>
						<line number="163" hits="2"></line>
						<line number="167" hits="2"></line>
						<line number="170" hits="3"></line>
						<line number="173" hits="3"></line>
						<line number="174" hits="3"></line>
						<line number="175" hits="1"></line>
						<line number="178" hits="1"></line>
						<line number="182" hits="2"></line>
						<line number="183" hits="0"></line>
						<line number="186" hits="0"></line>
						<line number="190" hits="2"></line>
						<line number="191" hits="1"></line>
						<line number="194" hits="1"></line>
						<line number="198" hits="1"></line>
						<line number="199" hits="1"></line>
						<line number="200" hits="0"></line>
						<line number="203" hits="0"></line>
						<line number="207" hits="1"></line>
						<line number="209" hits="1"></line>
						<line number="224" hits="1"></line>
						<line number="225" hits="1"></line>
						<line number="226" hits="0"></line>
						<line number="229" hits="0"></line>
						<line number="232" hits="1"></line>
						<line number="247" hits="5"></line>
						<line number="248" hits="5"></line>
						<line number="249" hits="0"></line>
						<line number="252" hits="0"></line>
						<line number="255" hits="5"></line>
						<line number="256" hits="5"></line>
						<line number="257" hits="0"></line>
						<line number="261" hits="0"></line>
						<line number="264" hits="5"></line>
						<line number="267" hits="5"></line>
						<line number="268" hits="5"></line>
						<line number="271" hits="5"></line>
						<line number="272" hits="5"></line>
						<line number="273" hits="0"></line>
						<line number="276" hits="0"></line>
						<line number="280" hits="5"></line>
						<line number="288" hits="5"></line>
						<line number="289" hits="2"></line>
						<line number="292" hits="5"></line>
						<line number="294" hits="4"></line>
						<line number="295" hits="1"></line>
						<line number="298" hits="1"></line>
						<line number="302" hits="3"></line>
						<line number="303" hits="3"></line>
						<line number="304" hits="3"></line>
						<line number="305" hits="1"></line>
						<line number="308" hits="1"></line>
						<line number="311" hits="2"></line>
						<line number="315" hits="3"></line>
						<line number="316" hits="3"></line>
						<line number="317" hits="0"></line>
						<line number="320" hits="0"></line>
						<line number="323" hits="3"></line>
						<line number="336" hits="3"></line>
						<line number="337" hits="3"></line>
						<line number="338" hits="1"></line>
						<line number="342" hits="1"></line>
						<line number="345" hits="2"></line>
						<line number="348" hits="2"></line>
						<line number="349" hits="2"></line>
						<line number="350" hits="1"></line>
						<line number="353" hits="1"></line>
						<line number="356" hits="1"></line>
						<line number="364" hits="1"></line>
						<line number="365" hits="1"></line>
						<line number="366" hits="0"></line>
						<line number="369" hits="0"></line>
						<line number="372" hits="1"></line>
						<line number="375" hits="1"></line>
						<line number="376" hits="1"></line>
						<line number="377" hits="0"></line>
						<line number="380" hits="0"></line>
						<line number="383" hits="1"></line>
						<line number="390" hits="4"></line>
						<line number="391" hits="4"></line>
						<line number="392" hits="0"></line>
						<line number="395" hits="0"></line>
						<line number="398" hits="4"></line>
						<line number="399" hits="4"></line>
						<line number="400" hits="1"></line>
						<line number="404" hits="1"></line>
						<line number="407" hits="3"></line>
						<line number="410" hits="3"></line>
						<line number="411" hits="3"></line>
						<line number="412" hits="0"></line>
						<line number="415" hits="0"></line>
						<line number="418" hits="3"></line>
						<line number="433" hits="1"></line>
						<line number="434" hits="1"></line>
						<line number="435" hits="0"></line>
						<line number="438" hits="0"></line>
						<line number="441" hits="1"></line>
						<line number="444" hits="1"></line>
						<line number="445" hits="1"></line>
						<line number="446" hits="0"></line>
						<line number="449" hits="0"></line>
						<line number="453" hits="1"></line>
						<line number="454" hits="1"></line>
						<line number="455" hits="1"></line>
						<line number="465" hits="1"></line>
						<line number="472" hits="2"></line>
						<line number="473" hits="2"></line>
						<line number="474" hits="0"></line>
						<line number="477" hits="0"></line>
						<line number="480" hits="2"></line>
						<line number="481" hits="2"></line>
						<line number="482" hits="2"></line>
						<line number="483" hits="0"></line>
						<line number="486" hits="0"></line>
						<line number="489" hits="2"></line>
						<line number="492" hits="2"></line>
						<line number="493" hits="2"></line>
						<line number="494" hits="1"></line>
						<line number="497" hits="1"></line>
						<line number="501" hits="1"></line>
						<line number="502" hits="1"></line>
						<line number="503" hits="0"></line>
						<line number="506" hits="0"></line>
						<line number="509" hits="1"></line>
					</lines>
				</class>
			</classes>
		</package>
		<package name="github.com/unownone/shipit-server/internal/api/middleware" line-rate="0.52666664" branch-rate="0" complexity="0" line-count="150" line-hits="79">
			<classes>
				<class name="-" filename="internal/api/middleware/auth.go" line-rate="0.42477876" branch-rate="0" complexity="0" line-count="113" line-hits="48">
					<methods>
						<method name="@100:9" signature="" line-rate="0.6666667" branch-rate="0" complexity="0" line-count="0" line-hits="0">
							<lines>
								<line number="102" hits="29"></line>
								<line number="103" hits="29"></line>
								<line number="104" hits="8"></line>
								<line number="107" hits="8"></line>
								<line number="108" hits="8"></line>
								<line number="112" hits="21"></line>
								<line number="113" hits="21"></line>
								<line number="114" hits="0"></line>
								<line number="117" hits="0"></line>
								<line number="118" hits="0"></line>
								<line number="121" hits="21"></line>
								<line number="124" hits="21"></line>
								<line number="125" hits="21"></line>
								<line number="126" hits="0"></line>
								<line number="129" hits="0"></line>
								<line number="130" hits="0"></line>
								<line number="134" hits="21"></line>
								<line number="135" hits="21"></line>
							</lines>
						</method>
						<method name="@141:9" signature="" line-rate="0.75" branch-rate="0" complexity="0" line-count="0" line-hits="0">
							<lines>
								<line number="143" hits="16"></line>
								<line number="144" hits="16"></line>
								<line number="145" hits="1"></line>
								<line number="148" hits="1"></line>
								<line number="149" hits="1"></line>
								<line number="152" hits="15"></line>
								<line number="153" hits="15"></line>
								<line number="154" hits="0"></line>
								<line number="157" hits="0"></line>
								<line number="158" hits="0"></line>
								<line number="162" hits="15"></line>
								<line number="163" hits="15"></line>
							</lines>
						</method>
						<method name="@169:9" signature="" line-rate="0.34615386" branch-rate="0" complexity="0" line-count="0" line-hits="0">
							<lines>
								<line number="173" hits="20"></line>
								<line number="174" hits="0"></line>
								<line number="175" hits="0"></line>
								<line number="176" hits="0"></line>
								<line number="179" hits="0"></line>
								<line number="180" hits="0"></line>
								<line number="182" hits="0"></line>
								<line number="184" hits="0"></line>
								<line number="185" hits="0"></line>
								<line number="186" hits="0"></line>
								<line number="187" hits="0"></line>
								<line number="188" hits="0"></line>
								<line number="190" hits="0"></line>
								<line number="193" hits="0"></line>
								<line number="194" hits="0"></line>
								<line number="198" hits="20"></line>
								<line number="200" hits="15"></line>
								<line number="201" hits="15"></line>
								<line number="202" hits="15"></line>
								<line number="203" hits="15"></line>
								<line number="204" hits="15"></line>
								<line number="206" hits="0"></line>
								<line number="209" hits="0"></line>
								<line number="210" hits="0"></line>
								<line number="215" hits="5"></line>
								<line number="218" hits="5"></line>
							</lines>
						</method>
						<method name="@224:9" signature="" line-rate="0.21428572" branch-rate="0" complexity="0" line-count="0" line-hits="0">
							<lines>
								<line number="227" hits="4"></line>
								<line number="230" hits="4"></line>
								<line number="231" hits="0"></line>
								<line number="232" hits="0"></line>
								<line number="233" hits="0"></line>
								<line number="235" hits="0"></line>
								<line number="237" hits="0"></line>
								<line number="238" hits="0"></line>
								<line number="239" hits="0"></line>
								<line number="240" hits="0"></line>
								<line number="242" hits="0"></line>
								<line number="246" hits="4"></line>
								<line number="248" hits="0"></line>
								<line number="249" hits="0"></line>
							</lines>
						</method>
						<method name="@258:9" signature="" line-rate="0" branch-rate="0" complexity="0" line-count="0" line-hits="0">
							<lines>
								<line number="259" hits="0"></line>
								<line number="260" hits="0"></line>
								<line number="261" hits="0"></line>
								<line number="264" hits="0"></line>
								<line number="265" hits="0"></line>
								<line number="268" hits="0"></line>
								<line number="269" hits="0"></line>
								<line number="270" hits="0"></line>
								<line number="273" hits="0"></line>
								<line number="274" hits="0"></line>
								<line number="277" hits="0"></line>
								<line number="278" hits="0"></line>
								<line number="281" hits="0"></line>
								<line number="282" hits="0"></line>
								<line number="285" hits="0"></line>
							</lines>
						</method>
						<method name="GetCurrentUser" signature="" line-rate="0.8" branch-rate="0" complexity="0" line-count="0" line-hits="0">
							<lines>
								<line number="310" hits="1"></line>
								<line number="311" hits="1"></line>
								<line number="312" hits="0"></line>
								<line number="315" hits="1"></line>
								<line number="316" hits="1"></line>
							</lines>
						</method>
						<method name="GetCurrentUserID" signature="" line-rate="0.8" branch-rate="0" complexity="0" line-count="0" line-hits="0">
							<lines>
								<line number="321" hits="49"></line>
								<line number="322" hits="49"></line>
								<line number="323" hits="0"></line>
								<line number="326" hits="49"></line>
								<line number="327" hits="49"></line>
							</lines>
						</method>
						<method name="GetCurrentUserRole" signature="" line-rate="0" branch-rate="0" complexity="0" line-count="0" line-hits="0">
							<lines>
								<line number="332" hits="0"></line>
								<line number="333" hits="0"></line>
								<line number="334" hits="0"></line>
								<line number="337" hits="0"></line>
								<line number="338" hits="0"></line>
							</lines>
						</method>
						<method name="NewAuthMiddleware" signature="" line-rate="1" branch-rate="0" complexity="0" line-count="0" line-hits="0">
							<lines>
								<line number="23" hits="19"></line>
							</lines>
						</method>
						<method name="hasPermission" signature="" line-rate="0" branch-rate="0" complexity="0" line-count="0" line-hits="0">
							<lines>
								<line number="292" hits="0"></line>
								<line number="298" hits="0"></line>
								<line number="299" hits="0"></line>
								<line number="301" hits="0"></line>
								<line number="302" hits="0"></line>
								<line number="305" hits="0"></line>
							</lines>
						</method>
						<method name="setAuthContext" signature="" line-rate="1" branch-rate="0" complexity="0" line-count="0" line-hits="0">
							<lines>
								<line number="88" hits="51"></line>
								<line number="89" hits="51"></line>
								<line number="90" hits="51"></line>
								<line number="91" hits="51"></line>
								<line number="93" hits="51"></line>
								<line number="94" hits="30"></line>
							</lines>
						</method>
					</methods>
					<lines>
						<line number="23" hits="19"></line>
						<line number="88" hits="51"></line>
						<line number="89" hits="51"></line>
						<line number="90" hits="51"></line>
						<line number="91" hits="51"></line>
						<line number="93" hits="51"></line>
						<line number="94" hits="30"></line>
						<line number="102" hits="29"></line>
						<line number="103" hits="29"></line>
						<line number="104" hits="8"></line>
						<line number="107" hits="8"></line>
						<line number="108" hits="8"></line>
						<line number="112" hits="21"></line>
						<line number="113" hits="21"></line>
						<line number="114" hits="0"></line>
						<line number="117" hits="0"></line>
						<line number="118" hits="0"></line>
						<line number="121" hits="21"></line>
						<line number="124" hits="21"></line>
						<line number="125" hits="21"></line>
						<line number="126" hits="0"></line>
						<line number="129" hits="0"></line>
						<line number="130" hits="0"></line>
						<line number="134" hits="21"></line>
						<line number="135" hits="21"></line>
						<line number="143" hits="16"></line>
						<line number="144" hits="16"></line>
						<line number="145" hits="1"></line>
						<line number="148" hits="1"></line>
						<line number="149" hits="1"></line>
						<line number="152" hits="15"></line>
						<line number="153" hits="15"></line>
						<line number="154" hits="0"></line>
						<line number="157" hits="0"></line>
						<line number="158" hits="0"></line>
						<line number="162" hits="15"></line>
						<line number="163" hits="15"></line>
						<line number="173" hits="20"></line>
						<line number="174" hits="0"></line>
						<line number="175" hits="0"></line>
						<line number="176" hits="0"></line>
						<line number="179" hits="0"></line>
						<line number="180" hits="0"></line>
						<line number="182" hits="0"></line>
						<line number="184" hits="0"></line>
						<line number="185" hits="0"></line>
						<line number="186" hits="0"></line>
						<line number="187" hits="0"></line>
						<line number="188" hits="0"></line>
						<line number="190" hits="0"></line>
						<line number="193" hits="0"></line>
						<line number="194" hits="0"></line>
						<line number="198" hits="20"></line>
						<line number="200" hits="15"></line>
						<line number="201" hits="15"></line>
						<line number="202" hits="15"></line>
						<line number="203" hits="15"></line>
						<line number="204" hits="15"></line>
						<line number="206" hits="0"></line>
						<line number="209" hits="0"></line>
						<line number="210" hits="0"></line>
						<line number="215" hits="5"></line>
						<line number="218" hits="5"></line>
						<line number="227" hits="4"></line>
						<line number="230" hits="4"></line>
						<line number="231" hits="0"></line>
						<line number="232" hits="0"></line>
						<line number="233" hits="0"></line>
						<line number="235" hits="0"></line>
						<line number="237" hits="0"></line>
						<line number="238" hits="0"></line>
						<line number="239" hits="0"></line>
						<line number="240" hits="0"></line>
						<line number="242" hits="0"></line>
						<line number="246" hits="4"></line>
						<line number="248" hits="0"></line>
						<line number="249" hits="0"></line>
						<line number="259" hits="0"></line>
						<line number="260" hits="0"></line>
						<line number="261" hits="0"></line>
						<line number="264" hits="0"></line>
						<line number="265" hits="0"></line>
						<line number="268" hits="0"></line>
						<line number="269" hits="0"></line>
						<line number="270" hits="0"></line>
						<line number="273" hits="0"></line>
						<line number="274" hits="0"></line>
						<line number="277" hits="0"></line>
						<line number="278" hits="0"></line>
						<line number="281" hits="0"></line>
						<line number="282" hits="0"></line>
						<line number="285" hits="0"></line>
						<line number="292" hits="0"></line>
						<line number="298" hits="0"></line>
						<line number="299" hits="0"></line>
						<line number="301" hits="0"></line>
						<line number="302" hits="0"></line>
						<line number="305" hits="0"></line>
						<line number="310" hits="1"></line>
						<line number="311" hits="1"></line>
						<line number="312" hits="0"></line>
						<line number="315" hits="1"></line>
						<line number="316" hits="1"></line>
						<line number="321" hits="49"></line>
						<line number="322" hits="49"></line>
						<line number="323" hits="0"></line>
						<line number="326" hits="49"></line>
						<line number="327" hits="49"></line>
						<line number="332" hits="0"></line>
						<line number="333" hits="0"></line>
						<line number="334" hits="0"></line>
						<line number="337" hits="0"></line>
						<line number="338" hits="0"></line>
					</lines>
				</class>
				<class name="AuthMiddleware" filename="internal/api/middleware/auth.go" line-rate="0.84615386" branch-rate="0" complexity="0" line-count="13" line-hits="11">
					<methods>
						<method name="APIKeyAuth" signature="" line-rate="1" branch-rate="0" complexity="0" line-count="0" line-hits="0">
							<lines>
								<line number="141" hits="19"></line>
							</lines>
						</method>
						<method name="CombinedAuth" signature="" line-rate="1" branch-rate="0" complexity="0" line-count="0" line-hits="0">
							<lines>
								<line number="169" hits="19"></line>
							</lines>
						</method>
						<method name="JWTAuth" signature="" line-rate="1" branch-rate="0" complexity="0" line-count="0" line-hits="0">
							<lines>
								<line number="100" hits="38"></line>
							</lines>
						</method>
						<method name="OptionalAuth" signature="" line-rate="1" branch-rate="0" complexity="0" line-count="0" line-hits="0">
							<lines>
								<line number="224" hits="19"></line>
							</lines>
						</method>
						<method name="RequireRole" signature="" line-rate="1" branch-rate="0" complexity="0" line-count="0" line-hits="0">
							<lines>
								<line number="258" hits="19"></line>
							</lines>
						</method>
						<method name="authenticateAPIKey" signature="" line-rate="0.75" branch-rate="0" complexity="0" line-count="0" line-hits="0">
							<lines>
								<line number="66" hits="30"></line>
								<line number="67" hits="30"></line>
								<line number="68" hits="0"></line>
								<line number="76" hits="30"></line>
							</lines>
						</method>
						<method name="authenticateJWT" signature="" line-rate="0.75" branch-rate="0" complexity="0" line-count="0" line-hits="0">
							<lines>
								<line number="43" hits="21"></line>
								<line number="44" hits="21"></line>
								<line number="45" hits="0"></line>
								<line number="54" hits="21"></line>
							</lines>
						</method>
					</methods>
					<lines>
						<line number="43" hits="21"></line>
						<line number="44" hits="21"></line>
						<line number="45" hits="0"></line>
						<line number="54" hits="21"></line>
						<line number="66" hits="30"></line>
						<line number="67" hits="30"></line>
						<line number="68" hits="0"></line>
						<line number="76" hits="30"></line>
						<line number="100" hits="38"></line>
						<line number="141" hits="19"></line>
						<line number="169" hits="19"></line>
						<line number="224" hits="19"></line>
						<line number="258" hits="19"></line>
					</lines>
				</class>
				<class name="-" filename="internal/api/middleware/cors.go" line-rate="0.8333333" branch-rate="0" complexity="0" line-count="24" line-hits="20">
					<methods>
						<method name="@10:9" signature="" line-rate="0.8235294" branch-rate="0" complexity="0" line-count="0" line-hits="0">
							<lines>
								<line number="11" hits="83"></line>
								<line number="14" hits="83"></line>
								<line number="15" hits="83"></line>
								<line number="16" hits="83"></line>
								<line number="17" hits="83"></line>
								<line number="18" hits="83"></line>
								<line number="22" hits="83"></line>
								<line number="23" hits="83"></line>
								<line number="27" hits="83"></line>
								<line number="28" hits="83"></line>
								<line number="30" hits="83"></line>
								<line number="31" hits="0"></line>
								<line number="34" hits="83"></line>
								<line number="37" hits="83"></line>
								<line number="38" hits="0"></line>
								<line number="39" hits="0"></line>
								<line number="42" hits="83"></line>
							</lines>
						</method>
						<method name="CORSMiddleware" signature="" line-rate="1" branch-rate="0" complexity="0" line-count="0" line-hits="0">
							<lines>
								<line number="10" hits="19"></line>
							</lines>
						</method>
						<method name="joinStrings" signature="" line-rate="0.8333333" branch-rate="0" complexity="0" line-count="0" line-hits="0">
							<lines>
								<line number="48" hits="166"></line>
								<line number="49" hits="0"></line>
								<line number="52" hits="166"></line>
								<line number="53" hits="166"></line>
								<line number="54" hits="332"></line>
								<line number="56" hits="166"></line>
							</lines>
						</method>
					</methods>
					<lines>
						<line number="10" hits="19"></line>
						<line number="11" hits="83"></line>
						<line number="14" hits="83"></line>
						<line number="15" hits="83"></line>
						<line number="16" hits="83"></line>
						<line number="17" hits="83"></line>
						<line number="18" hits="83"></line>
						<line number="22" hits="83"></line>
						<line number="23" hits="83"></line>
						<line number="27" hits="83"></line>
						<line number="28" hits="83"></line>
						<line number="30" hits="83"></line>
						<line number="31" hits="0"></line>
						<line number="34" hits="83"></line>
						<line number="37" hits="83"></line>
						<line number="38" hits="0"></line>
						<line number="39" hits="0"></line>
						<line number="42" hits="83"></line>
						<line number="48" hits="166"></line>
						<line number="49" hits="0"></line>
						<line number="52" hits="166"></line>
						<line number="53" hits="166"></line>
						<line number="54" hits="332"></line>
						<line number="56" hits="166"></line>
					</lines>
				</class>
			</classes>
		</package>
		<package name="github.com/unownone/shipit-server/internal/auth" line-rate="0.71511626" branch-rate="0" complexity="0" line-count="172" line-hits="123">
			<classes>
				<class name="-" filename="internal/auth/apikeys.go" line-rate="1" branch-rate="0" complexity="0" line-count="1" line-hits="1">
					<methods>
						<method name="NewAPIKeyManager" signature="" line-rate="1" branch-rate="0" complexity="0" line-count="0" line-hits="0">
							<lines>
								<line number="33" hits="19"></line>
							</lines>
						</method>
					</methods>
					<lines>
						<line number="33" hits="19"></line>
					</lines>
				</class>
				<class name="APIKeyManager" filename="internal/auth/apikeys.go" line-rate="0.7580645" branch-rate="0" complexity="0" line-count="62" line-hits="47">
					<methods>
						<method name="CleanupExpiredKeys" signature="" line-rate="0" branch-rate="0" complexity="0" line-count="0" line-hits="0">
							<lines>
								<line number="181" hits="0"></line>
								<line number="182" hits="0"></line>
								<line number="183" hits="0"></line>
								<line number="186" hits="0"></line>
							</lines>
						</method>
						<method name="GenerateAPIKey" signature="" line-rate="0.88235295" branch-rate="0" complexity="0" line-count="0" line-hits="0">
							<lines>
								<line number="42" hits="60"></line>
								<line number="43" hits="60"></line>
								<line number="44" hits="0"></line>
								<line number="48" hits="60"></line>
								<line number="49" hits="60"></line>
								<line number="52" hits="60"></line>
								<line number="53" hits="60"></line>
								<line number="56" hits="60"></line>
								<line number="57" hits="60"></line>
								<line number="60" hits="60"></line>
								<line number="61" hits="60"></line>
								<line number="62" hits="1"></line>
								<line number="66" hits="60"></line>
								<line number="76" hits="60"></line>
								<line number="77" hits="60"></line>
								<line number="78" hits="0"></line>
								<line number="81" hits="60"></line>
							</lines>
						</method>
						<method name="GetAPIKey" signature="" line-rate="0.8888889" branch-rate="0" complexity="0" line-count="0" line-hits="0">
							<lines>
								<line number="161" hits="2"></line>
								<line number="162" hits="2"></line>
								<line number="165" hits="2"></line>
								<line number="166" hits="2"></line>
								<line number="167" hits="0"></line>
								<line number="170" hits="2"></line>
								<line number="171" hits="2"></line>
								<line number="172" hits="1"></line>
								<line number="176" hits="1"></line>
							</lines>
						</method>
						<method name="ListAPIKeys" signature="" line-rate="0.8333333" branch-rate="0" complexity="0" line-count="0" line-hits="0">
							<lines>
								<line number="129" hits="1"></line>
								<line number="130" hits="1"></line>
								<line number="132" hits="1"></line>
								<line number="133" hits="1"></line>
								<line number="134" hits="0"></line>
								<line number="137" hits="1"></line>
							</lines>
						</method>
						<method name="RevokeAPIKey" signature="" line-rate="0.85714287" branch-rate="0" complexity="0" line-count="0" line-hits="0">
							<lines>
								<line number="143" hits="1"></line>
								<line number="144" hits="1"></line>
								<line number="145" hits="1"></line>
								<line number="147" hits="1"></line>
								<line number="151" hits="1"></line>
								<line number="152" hits="0"></line>
								<line number="155" hits="1"></line>
							</lines>
						</method>
						<method name="UpdateAPIKeyName" signature="" line-rate="0" branch-rate="0" complexity="0" line-count="0" line-hits="0">
							<lines>
								<line number="192" hits="0"></line>
							</lines>
						</method>
						<method name="ValidateAPIKey" signature="" line-rate="0.7222222" branch-rate="0" complexity="0" line-count="0" line-hits="0">
							<lines>
								<line number="86" hits="33"></line>
								<line number="87" hits="2"></line>
								<line number="91" hits="31"></line>
								<line number="92" hits="31"></line>
								<line number="95" hits="31"></line>
								<line number="96" hits="31"></line>
								<line number="97" hits="0"></line>
								<line number="101" hits="31"></line>
								<line number="102" hits="31"></line>
								<line number="103" hits="0"></line>
								<line number="107" hits="31"></line>
								<line number="108" hits="0"></line>
								<line number="112" hits="31"></line>
								<line number="113" hits="0"></line>
								<line number="117" hits="31"></line>
								<line number="118" hits="31"></line>
								<line number="120" hits="0"></line>
								<line number="123" hits="31"></line>
							</lines>
						</method>
					</methods>
					<lines>
						<line number="42" hits="60"></line>
						<line number="43" hits="60"></line>
						<line number="44" hits="0"></line>
						<line number="48" hits="60"></line>
						<line number="49" hits="60"></line>
						<line number="52" hits="60"></line>
						<line number="53" hits="60"></line>
						<line number="56" hits="60"></line>
						<line number="57" hits="60"></line>
						<line number="60" hits="60"></line>
						<line number="61" hits="60"></line>
						<line number="62" hits="1"></line>
						<line number="66" hits="60"></line>
						<line number="76" hits="60"></line>
						<line number="77" hits="60"></line>
						<line number="78" hits="0"></line>
						<line number="81" hits="60"></line>
						<line number="86" hits="33"></line>
						<line number="87" hits="2"></line>
						<line number="91" hits="31"></line>
						<line number="92" hits="31"></line>
						<line number="95" hits="31"></line>
						<line number="96" hits="31"></line>
						<line number="97" hits="0"></line>
						<line number="101" hits="31"></line>
						<line number="102" hits="31"></line>
						<line number="103" hits="0"></line>
						<line number="107" hits="31"></line>
						<line number="108" hits="0"></line>
						<line number="112" hits="31"></line>
						<line number="113" hits="0"></line>
						<line number="117" hits="31"></line>
						<line number="118" hits="31"></line>
						<line number="120" hits="0"></line>
						<line number="123" hits="31"></line>
						<line number="129" hits="1"></line>
						<line number="130" hits="1"></line>
						<line number="132" hits="1"></line>
						<line number="133" hits="1"></line>
						<line number="134" hits="0"></line>
						<line number="137" hits="1"></line>
						<line number="143" hits="1"></line>
						<line number="144" hits="1"></line>
						<line number="145" hits="1"></line>
						<line number="147" hits="1"></line>
						<line number="151" hits="1"></line>
						<line number="152" hits="0"></line>
						<line number="155" hits="1"></line>
						<line number="161" hits="2"></line>
						<line number="162" hits="2"></line>
						<line number="165" hits="2"></line>
						<line number="166" hits="2"></line>
						<line number="167" hits="0"></line>
						<line number="170" hits="2"></line>
						<line number="171" hits="2"></line>
						<line number="172" hits="1"></line>
						<line number="176" hits="1"></line>
						<line number="181" hits="0"></line>
						<line number="182" hits="0"></line>
						<line number="183" hits="0"></line>
						<line number="186" hits="0"></line>
						<line number="192" hits="0"></line>
					</lines>
				</class>
				<class name="-" filename="internal/auth/jwt.go" line-rate="0.75" branch-rate="0" complexity="0" line-count="8" line-hits="6">
					<methods>
						<method name="@134:63" signature="" line-rate="0.6666667" branch-rate="0" complexity="0" line-count="0" line-hits="0">
							<lines>
								<line number="136" hits="22"></line>
								<line number="137" hits="0"></line>
								<line number="139" hits="22"></line>
							</lines>
						</method>
						<method name="NewJWTManager" signature="" line-rate="1" branch-rate="0" complexity="0" line-count="0" line-hits="0">
							<lines>
								<line number="49" hits="19"></line>
							</lines>
						</method>
						<method name="generateSecureToken" signature="" line-rate="0.75" branch-rate="0" complexity="0" line-count="0" line-hits="0">
							<lines>
								<line number="257" hits="59"></line>
								<line number="258" hits="59"></line>
								<line number="259" hits="0"></line>
								<line number="261" hits="59"></line>
							</lines>
						</method>
					</methods>
					<lines>
						<line number="49" hits="19"></line>
						<line number="136" hits="22"></line>
						<line number="137" hits="0"></line>
						<line number="139" hits="22"></line>
						<line number="257" hits="59"></line>
						<line number="258" hits="59"></line>
						<line number="259" hits="0"></line>
						<line number="261" hits="59"></line>
					</lines>
				</class>
				<class name="JWTManager" filename="internal/auth/jwt.go" line-rate="0.69863015" branch-rate="0" complexity="0" line-count="73" line-hits="51">
					<methods>
						<method name="CleanupExpiredTokens" signature="" line-rate="0" branch-rate="0" complexity="0" line-count="0" line-hits="0">
							<lines>
								<line number="220" hits="0"></line>
[...]
							<lines>
								<line number="59" hits="0"></line>
							</lines>
						</method>
						<method name="Init" signature="" line-rate="1" branch-rate="0" complexity="0" line-count="0" line-hits="0">
							<lines>
								<line number="13" hits="19"></line>
								<line number="16" hits="19"></line>
								<line number="17" hits="19"></line>
								<line number="20" hits="19"></line>
								<line number="25" hits="19"></line>
								<line number="28" hits="19"></line>
							</lines>
						</method>
						<method name="Warnf" signature="" line-rate="0" branch-rate="0" complexity="0" line-count="0" line-hits="0">
							<lines>
								<line number="69" hits="0"></line>
							</lines>
						</method>
						<method name="WithError" signature="" line-rate="0" branch-rate="0" complexity="0" line-count="0" line-hits="0">
							<lines>
								<line number="89" hits="0"></line>
							</lines>
						</method>
						<method name="WithField" signature="" line-rate="0" branch-rate="0" complexity="0" line-count="0" line-hits="0">
							<lines>
								<line number="79" hits="0"></line>
							</lines>
						</method>
						<method name="WithFields" signature="" line-rate="0" branch-rate="0" complexity="0" line-count="0" line-hits="0">
							<lines>
								<line number="84" hits="0"></line>
							</lines>
						</method>
						<method name="getLogLevel" signature="" line-rate="0.71428573" branch-rate="0" complexity="0" line-count="0" line-hits="0">
							<lines>
								<line number="33" hits="19"></line>
								<line number="34" hits="19"></line>
								<line number="35" hits="0"></line>
								<line number="38" hits="19"></line>
								<line number="39" hits="19"></line>
								<line number="41" hits="0"></line>
								<line number="44" hits="19"></line>
							</lines>
						</method>
					</methods>
					<lines>
						<line number="13" hits="19"></line>
						<line number="16" hits="19"></line>
						<line number="17" hits="19"></line>
						<line number="20" hits="19"></line>
						<line number="25" hits="19"></line>
						<line number="28" hits="19"></line>
						<line number="33" hits="19"></line>
						<line number="34" hits="19"></line>
						<line number="35" hits="0"></line>
						<line number="38" hits="19"></line>
						<line number="39" hits="19"></line>
						<line number="41" hits="0"></line>
						<line number="44" hits="19"></line>
						<line number="49" hits="63"></line>
						<line number="50" hits="0"></line>
						<line number="52" hits="63"></line>
						<line number="59" hits="0"></line>
						<line number="64" hits="0"></line>
						<line number="69" hits="0"></line>
						<line number="74" hits="0"></line>
						<line number="79" hits="0"></line>
						<line number="84" hits="0"></line>
						<line number="89" hits="0"></line>
					</lines>
				</class>
			</classes>
		</package>
		<package name="github.com/unownone/shipit-server/test" line-rate="0.7388535" branch-rate="0" complexity="0" line-count="157" line-hits="116">
			<classes>
				<class name="-" filename="test/utils.go" line-rate="0.71" branch-rate="0" complexity="0" line-count="100" line-hits="71">
					<methods>
						<method name="AssertErrorResponse" signature="" line-rate="0.8" branch-rate="0" complexity="0" line-count="0" line-hits="0">
							<lines>
								<line number="437" hits="39"></line>
								<line number="438" hits="39"></line>
								<line number="439" hits="36"></line>
								<line number="440" hits="36"></line>
								<line number="442" hits="0"></line>
							</lines>
						</method>
						<method name="AssertSuccessResponse" signature="" line-rate="1" branch-rate="0" complexity="0" line-count="0" line-hits="0">
							<lines>
								<line number="432" hits="30"></line>
							</lines>
						</method>
						<method name="SetupTestSuite" signature="" line-rate="1" branch-rate="0" complexity="0" line-count="0" line-hits="0">
							<lines>
								<line number="70" hits="19"></line>
								<line number="72" hits="19"></line>
								<line number="75" hits="19"></line>
								<line number="87" hits="19"></line>
								<line number="90" hits="19"></line>
								<line number="91" hits="19"></line>
								<line number="93" hits="19"></line>
								<line number="94" hits="19"></line>
								<line number="97" hits="19"></line>
								<line number="133" hits="19"></line>
								<line number="136" hits="19"></line>
								<line number="137" hits="1"></line>
								<line number="141" hits="19"></line>
								<line number="144" hits="19"></line>
								<line number="145" hits="19"></line>
								<line number="148" hits="19"></line>
								<line number="149" hits="19"></line>
								<line number="151" hits="19"></line>
								<line number="152" hits="19"></line>
								<line number="155" hits="19"></line>
								<line number="156" hits="19"></line>
								<line number="159" hits="19"></line>
								<line number="160" hits="19"></line>
								<line number="161" hits="19"></line>
								<line number="164" hits="19"></line>
								<line number="165" hits="19"></line>
								<line number="166" hits="19"></line>
								<line number="169" hits="19"></line>
								<line number="171" hits="19"></line>
								<line number="182" hits="19"></line>
								<line number="184" hits="19"></line>
							</lines>
						</method>
						<method name="WaitForCondition" signature="" line-rate="0" branch-rate="0" complexity="0" line-count="0" line-hits="0">
							<lines>
								<line number="449" hits="0"></line>
								<line number="450" hits="0"></line>
								<line number="452" hits="0"></line>
								<line number="454" hits="0"></line>
								<line number="455" hits="0"></line>
								<line number="457" hits="0"></line>
								<line number="458" hits="0"></line>
								<line number="461" hits="0"></line>
							</lines>
						</method>
						<method name="applyMigrationFiles" signature="" line-rate="0.7058824" branch-rate="0" complexity="0" line-count="0" line-hits="0">
							<lines>
								<line number="257" hits="19"></line>
								<line number="258" hits="19"></line>
								<line number="259" hits="0"></line>
								<line number="262" hits="19"></line>
								<line number="263" hits="0"></line>
								<line number="267" hits="19"></line>
								<line number="270" hits="19"></line>
								<line number="272" hits="19"></line>
								<line number="273" hits="0"></line>
								<line number="276" hits="19"></line>
								<line number="278" hits="19"></line>
								<line number="279" hits="19"></line>
								<line number="280" hits="0"></line>
								<line number="284" hits="19"></line>
								<line number="285" hits="19"></line>
								<line number="286" hits="0"></line>
								<line number="290" hits="19"></line>
							</lines>
						</method>
						<method name="findProjectRoot" signature="" line-rate="0.7692308" branch-rate="0" complexity="0" line-count="0" line-hits="0">
							<lines>
								<line number="296" hits="19"></line>
								<line number="297" hits="19"></line>
								<line number="298" hits="0"></line>
								<line number="302" hits="19"></line>
								<line number="303" hits="19"></line>
								<line number="304" hits="38"></line>
								<line number="305" hits="38"></line>
								<line number="306" hits="19"></line>
								<line number="309" hits="19"></line>
								<line number="310" hits="19"></line>
								<line number="312" hits="0"></line>
								<line number="314" hits="19"></line>
								<line number="317" hits="0"></line>
							</lines>
						</method>
						<method name="getConnectionString" signature="" line-rate="0" branch-rate="0" complexity="0" line-count="0" line-hits="0">
							<lines>
								<line number="494" hits="0"></line>
								<line number="496" hits="0"></line>
								<line number="497" hits="0"></line>
								<line number="498" hits="0"></line>
								<line number="501" hits="0"></line>
								<line number="502" hits="0"></line>
								<line number="503" hits="0"></line>
								<line number="506" hits="0"></line>
							</lines>
						</method>
						<method name="runDatabaseMigrations" signature="" line-rate="0.7647059" branch-rate="0" complexity="0" line-count="0" line-hits="0">
							<lines>
								<line number="223" hits="19"></line>
								<line number="224" hits="19"></line>
								<line number="225" hits="0"></line>
								<line number="228" hits="19"></line>
								<line number="229" hits="19"></line>
								<line number="232" hits="19"></line>
								<line number="233" hits="19"></line>
								<line number="234" hits="0"></line>
								<line number="238" hits="19"></line>
								<line number="239" hits="19"></line>
								<line number="240" hits="19"></line>
								<line number="241" hits="0"></line>
								<line number="245" hits="19"></line>
								<line number="246" hits="19"></line>
								<line number="247" hits="0"></line>
								<line number="250" hits="19"></line>
								<line number="251" hits="19"></line>
							</lines>
						</method>
					</methods>
					<lines>
						<line number="70" hits="19"></line>
						<line number="72" hits="19"></line>
						<line number="75" hits="19"></line>
						<line number="87" hits="19"></line>
						<line number="90" hits="19"></line>
						<line number="91" hits="19"></line>
						<line number="93" hits="19"></line>
						<line number="94" hits="19"></line>
						<line number="97" hits="19"></line>
						<line number="133" hits="19"></line>
						<line number="136" hits="19"></line>
						<line number="137" hits="1"></line>
						<line number="141" hits="19"></line>
						<line number="144" hits="19"></line>
						<line number="145" hits="19"></line>
						<line number="148" hits="19"></line>
						<line number="149" hits="19"></line>
						<line number="151" hits="19"></line>
						<line number="152" hits="19"></line>
						<line number="155" hits="19"></line>
						<line number="156" hits="19"></line>
						<line number="159" hits="19"></line>
						<line number="160" hits="19"></line>
						<line number="161" hits="19"></line>
						<line number="164" hits="19"></line>
						<line number="165" hits="19"></line>
						<line number="166" hits="19"></line>
						<line number="169" hits="19"></line>
						<line number="171" hits="19"></line>
						<line number="182" hits="19"></line>
						<line number="184" hits="19"></line>
						<line number="223" hits="19"></line>
						<line number="224" hits="19"></line>
						<line number="225" hits="0"></line>
						<line number="228" hits="19"></line>
						<line number="229" hits="19"></line>
						<line number="232" hits="19"></line>
						<line number="233" hits="19"></line>
						<line number="234" hits="0"></line>
						<line number="238" hits="19"></line>
						<line number="239" hits="19"></line>
						<line number="240" hits="19"></line>
						<line number="241" hits="0"></line>
						<line number="245" hits="19"></line>
						<line number="246" hits="19"></line>
						<line number="247" hits="0"></line>
						<line number="250" hits="19"></line>
						<line number="251" hits="19"></line>
						<line number="257" hits="19"></line>
						<line number="258" hits="19"></line>
						<line number="259" hits="0"></line>
						<line number="262" hits="19"></line>
						<line number="263" hits="0"></line>
						<line number="267" hits="19"></line>
						<line number="270" hits="19"></line>
						<line number="272" hits="19"></line>
						<line number="273" hits="0"></line>
						<line number="276" hits="19"></line>
						<line number="278" hits="19"></line>
						<line number="279" hits="19"></line>
						<line number="280" hits="0"></line>
						<line number="284" hits="19"></line>
						<line number="285" hits="19"></line>
						<line number="286" hits="0"></line>
						<line number="290" hits="19"></line>
						<line number="296" hits="19"></line>
						<line number="297" hits="19"></line>
						<line number="298" hits="0"></line>
						<line number="302" hits="19"></line>
						<line number="303" hits="19"></line>
						<line number="304" hits="38"></line>
						<line number="305" hits="38"></line>
						<line number="306" hits="19"></line>
						<line number="309" hits="19"></line>
						<line number="310" hits="19"></line>
						<line number="312" hits="0"></line>
						<line number="314" hits="19"></line>
						<line number="317" hits="0"></line>
						<line number="432" hits="30"></line>
						<line number="437" hits="39"></line>
						<line number="438" hits="39"></line>
						<line number="439" hits="36"></line>
						<line number="440" hits="36"></line>
						<line number="442" hits="0"></line>
						<line number="449" hits="0"></line>
						<line number="450" hits="0"></line>
						<line number="452" hits="0"></line>
						<line number="454" hits="0"></line>
						<line number="455" hits="0"></line>
						<line number="457" hits="0"></line>
						<line number="458" hits="0"></line>
						<line number="461" hits="0"></line>
						<line number="494" hits="0"></line>
						<line number="496" hits="0"></line>
						<line number="497" hits="0"></line>
						<line number="498" hits="0"></line>
						<line number="501" hits="0"></line>
						<line number="502" hits="0"></line>
						<line number="503" hits="0"></line>
						<line number="506" hits="0"></line>
					</lines>
				</class>
				<class name="TestSuite" filename="test/utils.go" line-rate="0.7894737" branch-rate="0" complexity="0" line-count="57" line-hits="45">
					<methods>
						<method name="GetContainerInfo" signature="" line-rate="0" branch-rate="0" complexity="0" line-count="0" line-hits="0">
							<lines>
								<line number="475" hits="0"></line>
								<line number="477" hits="0"></line>
								<line number="478" hits="0"></line>
								<line number="480" hits="0"></line>
								<line number="481" hits="0"></line>
								<line number="483" hits="0"></line>
								<line number="484" hits="0"></line>
								<line number="486" hits="0"></line>
							</lines>
						</method>
						<method name="MakeAPIKeyRequest" signature="" line-rate="1" branch-rate="0" complexity="0" line-count="0" line-hits="0">
							<lines>
								<line number="424" hits="30"></line>
								<line number="427" hits="30"></line>
							</lines>
						</method>
						<method name="MakeAuthenticatedRequest" signature="" line-rate="1" branch-rate="0" complexity="0" line-count="0" line-hits="0">
							<lines>
								<line number="416" hits="21"></line>
								<line number="419" hits="21"></line>
							</lines>
						</method>
						<method name="MakeRequest" signature="" line-rate="0.88235295" branch-rate="0" complexity="0" line-count="0" line-hits="0">
							<lines>
								<line number="373" hits="83"></line>
								<line number="374" hits="83"></line>
								<line number="375" hits="45"></line>
								<line number="376" hits="45"></line>
								<line number="377" hits="45"></line>
								<line number="378" hits="0"></line>
								<line number="382" hits="83"></line>
								<line number="383" hits="83"></line>
								<line number="386" hits="83"></line>
								<line number="387" hits="51"></line>
								<line number="391" hits="83"></line>
								<line number="394" hits="83"></line>
								<line number="397" hits="83"></line>
								<line number="398" hits="83"></line>
								<line number="399" hits="83"></line>
								<line number="401" hits="0"></line>
								<line number="407" hits="83"></line>
							</lines>
						</method>
						<method name="TearDownTestSuite" signature="" line-rate="0.8666667" branch-rate="0" complexity="0" line-count="0" line-hits="0">
							<lines>
								<line number="189" hits="19"></line>
								<line number="191" hits="19"></line>
								<line number="192" hits="0"></line>
								<line number="196" hits="19"></line>
								<line number="197" hits="19"></line>
								<line number="199" hits="19"></line>
								<line number="200" hits="19"></line>
								<line number="202" hits="19"></line>
								<line number="203" hits="19"></line>
								<line number="207" hits="19"></line>
								<line number="208" hits="19"></line>
								<line number="212" hits="19"></line>
								<line number="213" hits="19"></line>
								<line number="214" hits="19"></line>
								<line number="215" hits="0"></line>
							</lines>
						</method>
						<method name="createTestUsers" signature="" line-rate="1" branch-rate="0" complexity="0" line-count="0" line-hits="0">
							<lines>
								<line number="322" hits="19"></line>
								<line number="325" hits="19"></line>
								<line number="328" hits="19"></line>
								<line number="331" hits="19"></line>
							</lines>
						</method>
						<method name="createUser" signature="" line-rate="1" branch-rate="0" complexity="0" line-count="0" line-hits="0">
							<lines>
								<line number="337" hits="57"></line>
								<line number="338" hits="57"></line>
								<line number="341" hits="57"></line>
								<line number="349" hits="57"></line>
								<line number="352" hits="57"></line>
								<line number="353" hits="57"></line>
								<line number="356" hits="57"></line>
								<line number="357" hits="57"></line>
								<line number="359" hits="57"></line>
							</lines>
						</method>
					</methods>
					<lines>
						<line number="189" hits="19"></line>
						<line number="191" hits="19"></line>
						<line number="192" hits="0"></line>
						<line number="196" hits="19"></line>
						<line number="197" hits="19"></line>
						<line number="199" hits="19"></line>
						<line number="200" hits="19"></line>
						<line number="202" hits="19"></line>
						<line number="203" hits="19"></line>
						<line number="207" hits="19"></line>
						<line number="208" hits="19"></line>
						<line number="212" hits="19"></line>
						<line number="213" hits="19"></line>
						<line number="214" hits="19"></line>
						<line number="215" hits="0"></line>
						<line number="322" hits="19"></line>
						<line number="325" hits="19"></line>
						<line number="328" hits="19"></line>
						<line number="331" hits="19"></line>
						<line number="337" hits="57"></line>
						<line number="338" hits="57"></line>
						<line number="341" hits="57"></line>
						<line number="349" hits="57"></line>
						<line number="352" hits="57"></line>
						<line number="353" hits="57"></line>
						<line number="356" hits="57"></line>
						<line number="357" hits="57"></line>
						<line number="359" hits="57"></line>
						<line number="373" hits="83"></line>
						<line number="374" hits="83"></line>
						<line number="375" hits="45"></line>
						<line number="376" hits="45"></line>
						<line number="377" hits="45"></line>
						<line number="378" hits="0"></line>
						<line number="382" hits="83"></line>
						<line number="383" hits="83"></line>
						<line number="386" hits="83"></line>
						<line number="387" hits="51"></line>
						<line number="391" hits="83"></line>
						<line number="394" hits="83"></line>
						<line number="397" hits="83"></line>
						<line number="398" hits="83"></line>
						<line number="399" hits="83"></line>
						<line number="401" hits="0"></line>
						<line number="407" hits="83"></line>
						<line number="416" hits="21"></line>
						<line number="419" hits="21"></line>
						<line number="424" hits="30"></line>
						<line number="427" hits="30"></line>
						<line number="475" hits="0"></line>
						<line number="477" hits="0"></line>
						<line number="478" hits="0"></line>
						<line number="480" hits="0"></line>
						<line number="481" hits="0"></line>
						<line number="483" hits="0"></line>
						<line number="484" hits="0"></line>
						<line number="486" hits="0"></line>
					</lines>
				</class>
			</classes>
		</package>
	</packages>
	<sources>
		<source>/Users/imonroy/Coding/shipit/shipit-server</source>
	</sources>
</coverage>
